The system is: Darwin - 16.7.0 - x86_64
Compiling the C compiler identification source file "CMakeCCompilerId.c" succeeded.
Compiler: /Applications/Xcode.app/Contents/Developer/Toolchains/XcodeDefault.xctoolchain/usr/bin/cc 
Build flags: 
Id flags: 

The output was:
0


Compilation of the C compiler identification source "CMakeCCompilerId.c" produced "a.out"

The C compiler identification is AppleClang, found in "/Users/CCannon/Documents/development/ncat-comp285-repository/programAssignment2/cmake-build-debug/CMakeFiles/3.6.3/CompilerIdC/a.out"

Compiling the CXX compiler identification source file "CMakeCXXCompilerId.cpp" succeeded.
Compiler: /Applications/Xcode.app/Contents/Developer/Toolchains/XcodeDefault.xctoolchain/usr/bin/c++ 
Build flags: 
Id flags: 

The output was:
0


Compilation of the CXX compiler identification source "CMakeCXXCompilerId.cpp" produced "a.out"

The CXX compiler identification is AppleClang, found in "/Users/CCannon/Documents/development/ncat-comp285-repository/programAssignment2/cmake-build-debug/CMakeFiles/3.6.3/CompilerIdCXX/a.out"

Determining if the C compiler works passed with the following output:
Change Dir: /Users/CCannon/Documents/development/ncat-comp285-repository/programAssignment2/cmake-build-debug/CMakeFiles/CMakeTmp

Run Build Command:"/usr/bin/make" "cmTC_50b9b/fast"
/Applications/Xcode.app/Contents/Developer/usr/bin/make -f CMakeFiles/cmTC_50b9b.dir/build.make CMakeFiles/cmTC_50b9b.dir/build
Building C object CMakeFiles/cmTC_50b9b.dir/testCCompiler.c.o
/Applications/Xcode.app/Contents/Developer/Toolchains/XcodeDefault.xctoolchain/usr/bin/cc    -isysroot /Applications/Xcode.app/Contents/Developer/Platforms/MacOSX.platform/Developer/SDKs/MacOSX10.13.sdk -mmacosx-version-min=10.12   -o CMakeFiles/cmTC_50b9b.dir/testCCompiler.c.o   -c /Users/CCannon/Documents/development/ncat-comp285-repository/programAssignment2/cmake-build-debug/CMakeFiles/CMakeTmp/testCCompiler.c
Linking C executable cmTC_50b9b
/Applications/CLion.app/Contents/bin/cmake/bin/cmake -E cmake_link_script CMakeFiles/cmTC_50b9b.dir/link.txt --verbose=1
/Applications/Xcode.app/Contents/Developer/Toolchains/XcodeDefault.xctoolchain/usr/bin/cc    -isysroot /Applications/Xcode.app/Contents/Developer/Platforms/MacOSX.platform/Developer/SDKs/MacOSX10.13.sdk -mmacosx-version-min=10.12 -Wl,-search_paths_first -Wl,-headerpad_max_install_names   CMakeFiles/cmTC_50b9b.dir/testCCompiler.c.o  -o cmTC_50b9b 


Detecting C compiler ABI info compiled with the following output:
Change Dir: /Users/CCannon/Documents/development/ncat-comp285-repository/programAssignment2/cmake-build-debug/CMakeFiles/CMakeTmp

Run Build Command:"/usr/bin/make" "cmTC_492f1/fast"
/Applications/Xcode.app/Contents/Developer/usr/bin/make -f CMakeFiles/cmTC_492f1.dir/build.make CMakeFiles/cmTC_492f1.dir/build
Building C object CMakeFiles/cmTC_492f1.dir/CMakeCCompilerABI.c.o
/Applications/Xcode.app/Contents/Developer/Toolchains/XcodeDefault.xctoolchain/usr/bin/cc    -isysroot /Applications/Xcode.app/Contents/Developer/Platforms/MacOSX.platform/Developer/SDKs/MacOSX10.13.sdk -mmacosx-version-min=10.12   -o CMakeFiles/cmTC_492f1.dir/CMakeCCompilerABI.c.o   -c /Applications/CLion.app/Contents/bin/cmake/share/cmake-3.6/Modules/CMakeCCompilerABI.c
Linking C executable cmTC_492f1
/Applications/CLion.app/Contents/bin/cmake/bin/cmake -E cmake_link_script CMakeFiles/cmTC_492f1.dir/link.txt --verbose=1
/Applications/Xcode.app/Contents/Developer/Toolchains/XcodeDefault.xctoolchain/usr/bin/cc    -isysroot /Applications/Xcode.app/Contents/Developer/Platforms/MacOSX.platform/Developer/SDKs/MacOSX10.13.sdk -mmacosx-version-min=10.12 -Wl,-search_paths_first -Wl,-headerpad_max_install_names  -v -Wl,-v CMakeFiles/cmTC_492f1.dir/CMakeCCompilerABI.c.o  -o cmTC_492f1  
Apple LLVM version 9.0.0 (clang-900.0.38)
Target: x86_64-apple-darwin16.7.0
Thread model: posix
InstalledDir: /Applications/Xcode.app/Contents/Developer/Toolchains/XcodeDefault.xctoolchain/usr/bin
 "/Applications/Xcode.app/Contents/Developer/Toolchains/XcodeDefault.xctoolchain/usr/bin/ld" -demangle -lto_library /Applications/Xcode.app/Contents/Developer/Toolchains/XcodeDefault.xctoolchain/usr/lib/libLTO.dylib -dynamic -arch x86_64 -macosx_version_min 10.12.0 -syslibroot /Applications/Xcode.app/Contents/Developer/Platforms/MacOSX.platform/Developer/SDKs/MacOSX10.13.sdk -o cmTC_492f1 -search_paths_first -headerpad_max_install_names -v CMakeFiles/cmTC_492f1.dir/CMakeCCompilerABI.c.o -lSystem /Applications/Xcode.app/Contents/Developer/Toolchains/XcodeDefault.xctoolchain/usr/lib/clang/9.0.0/lib/darwin/libclang_rt.osx.a
@(#)PROGRAM:ld  PROJECT:ld64-302.3.1
configured to support archs: armv6 armv7 armv7s arm64 i386 x86_64 x86_64h armv6m armv7k armv7m armv7em (tvOS)
Library search paths:
	/Applications/Xcode.app/Contents/Developer/Platforms/MacOSX.platform/Developer/SDKs/MacOSX10.13.sdk/usr/lib
Framework search paths:
	/Applications/Xcode.app/Contents/Developer/Platforms/MacOSX.platform/Developer/SDKs/MacOSX10.13.sdk/System/Library/Frameworks/


Parsed C implicit link information from above output:
  link line regex: [^( *|.*[/\])(ld|([^/\]+-)?ld|collect2)[^/\]*( |$)]
  ignore line: [Change Dir: /Users/CCannon/Documents/development/ncat-comp285-repository/programAssignment2/cmake-build-debug/CMakeFiles/CMakeTmp]
  ignore line: []
  ignore line: [Run Build Command:"/usr/bin/make" "cmTC_492f1/fast"]
  ignore line: [/Applications/Xcode.app/Contents/Developer/usr/bin/make -f CMakeFiles/cmTC_492f1.dir/build.make CMakeFiles/cmTC_492f1.dir/build]
  ignore line: [Building C object CMakeFiles/cmTC_492f1.dir/CMakeCCompilerABI.c.o]
  ignore line: [/Applications/Xcode.app/Contents/Developer/Toolchains/XcodeDefault.xctoolchain/usr/bin/cc    -isysroot /Applications/Xcode.app/Contents/Developer/Platforms/MacOSX.platform/Developer/SDKs/MacOSX10.13.sdk -mmacosx-version-min=10.12   -o CMakeFiles/cmTC_492f1.dir/CMakeCCompilerABI.c.o   -c /Applications/CLion.app/Contents/bin/cmake/share/cmake-3.6/Modules/CMakeCCompilerABI.c]
  ignore line: [Linking C executable cmTC_492f1]
  ignore line: [/Applications/CLion.app/Contents/bin/cmake/bin/cmake -E cmake_link_script CMakeFiles/cmTC_492f1.dir/link.txt --verbose=1]
  ignore line: [/Applications/Xcode.app/Contents/Developer/Toolchains/XcodeDefault.xctoolchain/usr/bin/cc    -isysroot /Applications/Xcode.app/Contents/Developer/Platforms/MacOSX.platform/Developer/SDKs/MacOSX10.13.sdk -mmacosx-version-min=10.12 -Wl,-search_paths_first -Wl,-headerpad_max_install_names  -v -Wl,-v CMakeFiles/cmTC_492f1.dir/CMakeCCompilerABI.c.o  -o cmTC_492f1  ]
  ignore line: [Apple LLVM version 9.0.0 (clang-900.0.38)]
  ignore line: [Target: x86_64-apple-darwin16.7.0]
  ignore line: [Thread model: posix]
  ignore line: [InstalledDir: /Applications/Xcode.app/Contents/Developer/Toolchains/XcodeDefault.xctoolchain/usr/bin]
  link line: [ "/Applications/Xcode.app/Contents/Developer/Toolchains/XcodeDefault.xctoolchain/usr/bin/ld" -demangle -lto_library /Applications/Xcode.app/Contents/Developer/Toolchains/XcodeDefault.xctoolchain/usr/lib/libLTO.dylib -dynamic -arch x86_64 -macosx_version_min 10.12.0 -syslibroot /Applications/Xcode.app/Contents/Developer/Platforms/MacOSX.platform/Developer/SDKs/MacOSX10.13.sdk -o cmTC_492f1 -search_paths_first -headerpad_max_install_names -v CMakeFiles/cmTC_492f1.dir/CMakeCCompilerABI.c.o -lSystem /Applications/Xcode.app/Contents/Developer/Toolchains/XcodeDefault.xctoolchain/usr/lib/clang/9.0.0/lib/darwin/libclang_rt.osx.a]
    arg [/Applications/Xcode.app/Contents/Developer/Toolchains/XcodeDefault.xctoolchain/usr/bin/ld] ==> ignore
    arg [-demangle] ==> ignore
    arg [-lto_library] ==> lib [to_library]
    arg [/Applications/Xcode.app/Contents/Developer/Toolchains/XcodeDefault.xctoolchain/usr/lib/libLTO.dylib] ==> ignore
    arg [-dynamic] ==> ignore
    arg [-arch] ==> ignore
    arg [x86_64] ==> ignore
    arg [-macosx_version_min] ==> ignore
    arg [10.12.0] ==> ignore
    arg [-syslibroot] ==> ignore
    arg [/Applications/Xcode.app/Contents/Developer/Platforms/MacOSX.platform/Developer/SDKs/MacOSX10.13.sdk] ==> ignore
    arg [-o] ==> ignore
    arg [cmTC_492f1] ==> ignore
    arg [-search_paths_first] ==> ignore
    arg [-headerpad_max_install_names] ==> ignore
    arg [-v] ==> ignore
    arg [CMakeFiles/cmTC_492f1.dir/CMakeCCompilerABI.c.o] ==> ignore
    arg [-lSystem] ==> lib [System]
    arg [/Applications/Xcode.app/Contents/Developer/Toolchains/XcodeDefault.xctoolchain/usr/lib/clang/9.0.0/lib/darwin/libclang_rt.osx.a] ==> lib [/Applications/Xcode.app/Contents/Developer/Toolchains/XcodeDefault.xctoolchain/usr/lib/clang/9.0.0/lib/darwin/libclang_rt.osx.a]
  Library search paths: [;/Applications/Xcode.app/Contents/Developer/Platforms/MacOSX.platform/Developer/SDKs/MacOSX10.13.sdk/usr/lib]
  Framework search paths: [;/Applications/Xcode.app/Contents/Developer/Platforms/MacOSX.platform/Developer/SDKs/MacOSX10.13.sdk/System/Library/Frameworks/]
  remove lib [System]
  collapse library dir [/Applications/Xcode.app/Contents/Developer/Platforms/MacOSX.platform/Developer/SDKs/MacOSX10.13.sdk/usr/lib] ==> [/Applications/Xcode.app/Contents/Developer/Platforms/MacOSX.platform/Developer/SDKs/MacOSX10.13.sdk/usr/lib]
  collapse framework dir [/Applications/Xcode.app/Contents/Developer/Platforms/MacOSX.platform/Developer/SDKs/MacOSX10.13.sdk/System/Library/Frameworks/] ==> [/Applications/Xcode.app/Contents/Developer/Platforms/MacOSX.platform/Developer/SDKs/MacOSX10.13.sdk/System/Library/Frameworks]
  implicit libs: [to_library;/Applications/Xcode.app/Contents/Developer/Toolchains/XcodeDefault.xctoolchain/usr/lib/clang/9.0.0/lib/darwin/libclang_rt.osx.a]
  implicit dirs: [/Applications/Xcode.app/Contents/Developer/Platforms/MacOSX.platform/Developer/SDKs/MacOSX10.13.sdk/usr/lib]
  implicit fwks: [/Applications/Xcode.app/Contents/Developer/Platforms/MacOSX.platform/Developer/SDKs/MacOSX10.13.sdk/System/Library/Frameworks]




Detecting C [-std=c11] compiler features compiled with the following output:
Change Dir: /Users/CCannon/Documents/development/ncat-comp285-repository/programAssignment2/cmake-build-debug/CMakeFiles/CMakeTmp

Run Build Command:"/usr/bin/make" "cmTC_11ad5/fast"
/Applications/Xcode.app/Contents/Developer/usr/bin/make -f CMakeFiles/cmTC_11ad5.dir/build.make CMakeFiles/cmTC_11ad5.dir/build
Building C object CMakeFiles/cmTC_11ad5.dir/feature_tests.c.o
/Applications/Xcode.app/Contents/Developer/Toolchains/XcodeDefault.xctoolchain/usr/bin/cc    -isysroot /Applications/Xcode.app/Contents/Developer/Platforms/MacOSX.platform/Developer/SDKs/MacOSX10.13.sdk -mmacosx-version-min=10.12   -std=c11 -o CMakeFiles/cmTC_11ad5.dir/feature_tests.c.o   -c /Users/CCannon/Documents/development/ncat-comp285-repository/programAssignment2/cmake-build-debug/CMakeFiles/feature_tests.c
Linking C executable cmTC_11ad5
/Applications/CLion.app/Contents/bin/cmake/bin/cmake -E cmake_link_script CMakeFiles/cmTC_11ad5.dir/link.txt --verbose=1
/Applications/Xcode.app/Contents/Developer/Toolchains/XcodeDefault.xctoolchain/usr/bin/cc    -isysroot /Applications/Xcode.app/Contents/Developer/Platforms/MacOSX.platform/Developer/SDKs/MacOSX10.13.sdk -mmacosx-version-min=10.12 -Wl,-search_paths_first -Wl,-headerpad_max_install_names   CMakeFiles/cmTC_11ad5.dir/feature_tests.c.o  -o cmTC_11ad5 


    Feature record: C_FEATURE:1c_function_prototypes
    Feature record: C_FEATURE:1c_restrict
    Feature record: C_FEATURE:1c_static_assert
    Feature record: C_FEATURE:1c_variadic_macros


Detecting C [-std=c99] compiler features compiled with the following output:
Change Dir: /Users/CCannon/Documents/development/ncat-comp285-repository/programAssignment2/cmake-build-debug/CMakeFiles/CMakeTmp

Run Build Command:"/usr/bin/make" "cmTC_c58cd/fast"
/Applications/Xcode.app/Contents/Developer/usr/bin/make -f CMakeFiles/cmTC_c58cd.dir/build.make CMakeFiles/cmTC_c58cd.dir/build
Building C object CMakeFiles/cmTC_c58cd.dir/feature_tests.c.o
/Applications/Xcode.app/Contents/Developer/Toolchains/XcodeDefault.xctoolchain/usr/bin/cc    -isysroot /Applications/Xcode.app/Contents/Developer/Platforms/MacOSX.platform/Developer/SDKs/MacOSX10.13.sdk -mmacosx-version-min=10.12   -std=c99 -o CMakeFiles/cmTC_c58cd.dir/feature_tests.c.o   -c /Users/CCannon/Documents/development/ncat-comp285-repository/programAssignment2/cmake-build-debug/CMakeFiles/feature_tests.c
Linking C executable cmTC_c58cd
/Applications/CLion.app/Contents/bin/cmake/bin/cmake -E cmake_link_script CMakeFiles/cmTC_c58cd.dir/link.txt --verbose=1
/Applications/Xcode.app/Contents/Developer/Toolchains/XcodeDefault.xctoolchain/usr/bin/cc    -isysroot /Applications/Xcode.app/Contents/Developer/Platforms/MacOSX.platform/Developer/SDKs/MacOSX10.13.sdk -mmacosx-version-min=10.12 -Wl,-search_paths_first -Wl,-headerpad_max_install_names   CMakeFiles/cmTC_c58cd.dir/feature_tests.c.o  -o cmTC_c58cd 


    Feature record: C_FEATURE:1c_function_prototypes
    Feature record: C_FEATURE:1c_restrict
    Feature record: C_FEATURE:0c_static_assert
    Feature record: C_FEATURE:1c_variadic_macros


Detecting C [-std=c90] compiler features compiled with the following output:
Change Dir: /Users/CCannon/Documents/development/ncat-comp285-repository/programAssignment2/cmake-build-debug/CMakeFiles/CMakeTmp

Run Build Command:"/usr/bin/make" "cmTC_4c27b/fast"
/Applications/Xcode.app/Contents/Developer/usr/bin/make -f CMakeFiles/cmTC_4c27b.dir/build.make CMakeFiles/cmTC_4c27b.dir/build
Building C object CMakeFiles/cmTC_4c27b.dir/feature_tests.c.o
/Applications/Xcode.app/Contents/Developer/Toolchains/XcodeDefault.xctoolchain/usr/bin/cc    -isysroot /Applications/Xcode.app/Contents/Developer/Platforms/MacOSX.platform/Developer/SDKs/MacOSX10.13.sdk -mmacosx-version-min=10.12   -std=c90 -o CMakeFiles/cmTC_4c27b.dir/feature_tests.c.o   -c /Users/CCannon/Documents/development/ncat-comp285-repository/programAssignment2/cmake-build-debug/CMakeFiles/feature_tests.c
Linking C executable cmTC_4c27b
/Applications/CLion.app/Contents/bin/cmake/bin/cmake -E cmake_link_script CMakeFiles/cmTC_4c27b.dir/link.txt --verbose=1
/Applications/Xcode.app/Contents/Developer/Toolchains/XcodeDefault.xctoolchain/usr/bin/cc    -isysroot /Applications/Xcode.app/Contents/Developer/Platforms/MacOSX.platform/Developer/SDKs/MacOSX10.13.sdk -mmacosx-version-min=10.12 -Wl,-search_paths_first -Wl,-headerpad_max_install_names   CMakeFiles/cmTC_4c27b.dir/feature_tests.c.o  -o cmTC_4c27b 


    Feature record: C_FEATURE:1c_function_prototypes
    Feature record: C_FEATURE:0c_restrict
    Feature record: C_FEATURE:0c_static_assert
    Feature record: C_FEATURE:0c_variadic_macros
Determining if the CXX compiler works passed with the following output:
Change Dir: /Users/CCannon/Documents/development/ncat-comp285-repository/programAssignment2/cmake-build-debug/CMakeFiles/CMakeTmp

Run Build Command:"/usr/bin/make" "cmTC_2e9de/fast"
/Applications/Xcode.app/Contents/Developer/usr/bin/make -f CMakeFiles/cmTC_2e9de.dir/build.make CMakeFiles/cmTC_2e9de.dir/build
Building CXX object CMakeFiles/cmTC_2e9de.dir/testCXXCompiler.cxx.o
/Applications/Xcode.app/Contents/Developer/Toolchains/XcodeDefault.xctoolchain/usr/bin/c++     -isysroot /Applications/Xcode.app/Contents/Developer/Platforms/MacOSX.platform/Developer/SDKs/MacOSX10.13.sdk -mmacosx-version-min=10.12   -o CMakeFiles/cmTC_2e9de.dir/testCXXCompiler.cxx.o -c /Users/CCannon/Documents/development/ncat-comp285-repository/programAssignment2/cmake-build-debug/CMakeFiles/CMakeTmp/testCXXCompiler.cxx
Linking CXX executable cmTC_2e9de
/Applications/CLion.app/Contents/bin/cmake/bin/cmake -E cmake_link_script CMakeFiles/cmTC_2e9de.dir/link.txt --verbose=1
/Applications/Xcode.app/Contents/Developer/Toolchains/XcodeDefault.xctoolchain/usr/bin/c++     -isysroot /Applications/Xcode.app/Contents/Developer/Platforms/MacOSX.platform/Developer/SDKs/MacOSX10.13.sdk -mmacosx-version-min=10.12 -Wl,-search_paths_first -Wl,-headerpad_max_install_names   CMakeFiles/cmTC_2e9de.dir/testCXXCompiler.cxx.o  -o cmTC_2e9de 


Detecting CXX compiler ABI info compiled with the following output:
Change Dir: /Users/CCannon/Documents/development/ncat-comp285-repository/programAssignment2/cmake-build-debug/CMakeFiles/CMakeTmp

Run Build Command:"/usr/bin/make" "cmTC_b9411/fast"
/Applications/Xcode.app/Contents/Developer/usr/bin/make -f CMakeFiles/cmTC_b9411.dir/build.make CMakeFiles/cmTC_b9411.dir/build
Building CXX object CMakeFiles/cmTC_b9411.dir/CMakeCXXCompilerABI.cpp.o
/Applications/Xcode.app/Contents/Developer/Toolchains/XcodeDefault.xctoolchain/usr/bin/c++     -isysroot /Applications/Xcode.app/Contents/Developer/Platforms/MacOSX.platform/Developer/SDKs/MacOSX10.13.sdk -mmacosx-version-min=10.12   -o CMakeFiles/cmTC_b9411.dir/CMakeCXXCompilerABI.cpp.o -c /Applications/CLion.app/Contents/bin/cmake/share/cmake-3.6/Modules/CMakeCXXCompilerABI.cpp
Linking CXX executable cmTC_b9411
/Applications/CLion.app/Contents/bin/cmake/bin/cmake -E cmake_link_script CMakeFiles/cmTC_b9411.dir/link.txt --verbose=1
/Applications/Xcode.app/Contents/Developer/Toolchains/XcodeDefault.xctoolchain/usr/bin/c++     -isysroot /Applications/Xcode.app/Contents/Developer/Platforms/MacOSX.platform/Developer/SDKs/MacOSX10.13.sdk -mmacosx-version-min=10.12 -Wl,-search_paths_first -Wl,-headerpad_max_install_names  -v -Wl,-v CMakeFiles/cmTC_b9411.dir/CMakeCXXCompilerABI.cpp.o  -o cmTC_b9411  
Apple LLVM version 9.0.0 (clang-900.0.38)
Target: x86_64-apple-darwin16.7.0
Thread model: posix
InstalledDir: /Applications/Xcode.app/Contents/Developer/Toolchains/XcodeDefault.xctoolchain/usr/bin
 "/Applications/Xcode.app/Contents/Developer/Toolchains/XcodeDefault.xctoolchain/usr/bin/ld" -demangle -lto_library /Applications/Xcode.app/Contents/Developer/Toolchains/XcodeDefault.xctoolchain/usr/lib/libLTO.dylib -dynamic -arch x86_64 -macosx_version_min 10.12.0 -syslibroot /Applications/Xcode.app/Contents/Developer/Platforms/MacOSX.platform/Developer/SDKs/MacOSX10.13.sdk -o cmTC_b9411 -search_paths_first -headerpad_max_install_names -v CMakeFiles/cmTC_b9411.dir/CMakeCXXCompilerABI.cpp.o -lc++ -lSystem /Applications/Xcode.app/Contents/Developer/Toolchains/XcodeDefault.xctoolchain/usr/lib/clang/9.0.0/lib/darwin/libclang_rt.osx.a
@(#)PROGRAM:ld  PROJECT:ld64-302.3.1
configured to support archs: armv6 armv7 armv7s arm64 i386 x86_64 x86_64h armv6m armv7k armv7m armv7em (tvOS)
Library search paths:
	/Applications/Xcode.app/Contents/Developer/Platforms/MacOSX.platform/Developer/SDKs/MacOSX10.13.sdk/usr/lib
Framework search paths:
	/Applications/Xcode.app/Contents/Developer/Platforms/MacOSX.platform/Developer/SDKs/MacOSX10.13.sdk/System/Library/Frameworks/


Parsed CXX implicit link information from above output:
  link line regex: [^( *|.*[/\])(ld|([^/\]+-)?ld|collect2)[^/\]*( |$)]
  ignore line: [Change Dir: /Users/CCannon/Documents/development/ncat-comp285-repository/programAssignment2/cmake-build-debug/CMakeFiles/CMakeTmp]
  ignore line: []
  ignore line: [Run Build Command:"/usr/bin/make" "cmTC_b9411/fast"]
  ignore line: [/Applications/Xcode.app/Contents/Developer/usr/bin/make -f CMakeFiles/cmTC_b9411.dir/build.make CMakeFiles/cmTC_b9411.dir/build]
  ignore line: [Building CXX object CMakeFiles/cmTC_b9411.dir/CMakeCXXCompilerABI.cpp.o]
  ignore line: [/Applications/Xcode.app/Contents/Developer/Toolchains/XcodeDefault.xctoolchain/usr/bin/c++     -isysroot /Applications/Xcode.app/Contents/Developer/Platforms/MacOSX.platform/Developer/SDKs/MacOSX10.13.sdk -mmacosx-version-min=10.12   -o CMakeFiles/cmTC_b9411.dir/CMakeCXXCompilerABI.cpp.o -c /Applications/CLion.app/Contents/bin/cmake/share/cmake-3.6/Modules/CMakeCXXCompilerABI.cpp]
  ignore line: [Linking CXX executable cmTC_b9411]
  ignore line: [/Applications/CLion.app/Contents/bin/cmake/bin/cmake -E cmake_link_script CMakeFiles/cmTC_b9411.dir/link.txt --verbose=1]
  ignore line: [/Applications/Xcode.app/Contents/Developer/Toolchains/XcodeDefault.xctoolchain/usr/bin/c++     -isysroot /Applications/Xcode.app/Contents/Developer/Platforms/MacOSX.platform/Developer/SDKs/MacOSX10.13.sdk -mmacosx-version-min=10.12 -Wl,-search_paths_first -Wl,-headerpad_max_install_names  -v -Wl,-v CMakeFiles/cmTC_b9411.dir/CMakeCXXCompilerABI.cpp.o  -o cmTC_b9411  ]
  ignore line: [Apple LLVM version 9.0.0 (clang-900.0.38)]
  ignore line: [Target: x86_64-apple-darwin16.7.0]
  ignore line: [Thread model: posix]
  ignore line: [InstalledDir: /Applications/Xcode.app/Contents/Developer/Toolchains/XcodeDefault.xctoolchain/usr/bin]
  link line: [ "/Applications/Xcode.app/Contents/Developer/Toolchains/XcodeDefault.xctoolchain/usr/bin/ld" -demangle -lto_library /Applications/Xcode.app/Contents/Developer/Toolchains/XcodeDefault.xctoolchain/usr/lib/libLTO.dylib -dynamic -arch x86_64 -macosx_version_min 10.12.0 -syslibroot /Applications/Xcode.app/Contents/Developer/Platforms/MacOSX.platform/Developer/SDKs/MacOSX10.13.sdk -o cmTC_b9411 -search_paths_first -headerpad_max_install_names -v CMakeFiles/cmTC_b9411.dir/CMakeCXXCompilerABI.cpp.o -lc++ -lSystem /Applications/Xcode.app/Contents/Developer/Toolchains/XcodeDefault.xctoolchain/usr/lib/clang/9.0.0/lib/darwin/libclang_rt.osx.a]
    arg [/Applications/Xcode.app/Contents/Developer/Toolchains/XcodeDefault.xctoolchain/usr/bin/ld] ==> ignore
    arg [-demangle] ==> ignore
    arg [-lto_library] ==> lib [to_library]
    arg [/Applications/Xcode.app/Contents/Developer/Toolchains/XcodeDefault.xctoolchain/usr/lib/libLTO.dylib] ==> ignore
    arg [-dynamic] ==> ignore
    arg [-arch] ==> ignore
    arg [x86_64] ==> ignore
    arg [-macosx_version_min] ==> ignore
    arg [10.12.0] ==> ignore
    arg [-syslibroot] ==> ignore
    arg [/Applications/Xcode.app/Contents/Developer/Platforms/MacOSX.platform/Developer/SDKs/MacOSX10.13.sdk] ==> ignore
    arg [-o] ==> ignore
    arg [cmTC_b9411] ==> ignore
    arg [-search_paths_first] ==> ignore
    arg [-headerpad_max_install_names] ==> ignore
    arg [-v] ==> ignore
    arg [CMakeFiles/cmTC_b9411.dir/CMakeCXXCompilerABI.cpp.o] ==> ignore
    arg [-lc++] ==> lib [c++]
    arg [-lSystem] ==> lib [System]
    arg [/Applications/Xcode.app/Contents/Developer/Toolchains/XcodeDefault.xctoolchain/usr/lib/clang/9.0.0/lib/darwin/libclang_rt.osx.a] ==> lib [/Applications/Xcode.app/Contents/Developer/Toolchains/XcodeDefault.xctoolchain/usr/lib/clang/9.0.0/lib/darwin/libclang_rt.osx.a]
  Library search paths: [;/Applications/Xcode.app/Contents/Developer/Platforms/MacOSX.platform/Developer/SDKs/MacOSX10.13.sdk/usr/lib]
  Framework search paths: [;/Applications/Xcode.app/Contents/Developer/Platforms/MacOSX.platform/Developer/SDKs/MacOSX10.13.sdk/System/Library/Frameworks/]
  remove lib [System]
  collapse library dir [/Applications/Xcode.app/Contents/Developer/Platforms/MacOSX.platform/Developer/SDKs/MacOSX10.13.sdk/usr/lib] ==> [/Applications/Xcode.app/Contents/Developer/Platforms/MacOSX.platform/Developer/SDKs/MacOSX10.13.sdk/usr/lib]
  collapse framework dir [/Applications/Xcode.app/Contents/Developer/Platforms/MacOSX.platform/Developer/SDKs/MacOSX10.13.sdk/System/Library/Frameworks/] ==> [/Applications/Xcode.app/Contents/Developer/Platforms/MacOSX.platform/Developer/SDKs/MacOSX10.13.sdk/System/Library/Frameworks]
  implicit libs: [to_library;c++;/Applications/Xcode.app/Contents/Developer/Toolchains/XcodeDefault.xctoolchain/usr/lib/clang/9.0.0/lib/darwin/libclang_rt.osx.a]
  implicit dirs: [/Applications/Xcode.app/Contents/Developer/Platforms/MacOSX.platform/Developer/SDKs/MacOSX10.13.sdk/usr/lib]
  implicit fwks: [/Applications/Xcode.app/Contents/Developer/Platforms/MacOSX.platform/Developer/SDKs/MacOSX10.13.sdk/System/Library/Frameworks]




Detecting CXX [-std=c++14] compiler features compiled with the following output:
Change Dir: /Users/CCannon/Documents/development/ncat-comp285-repository/programAssignment2/cmake-build-debug/CMakeFiles/CMakeTmp

Run Build Command:"/usr/bin/make" "cmTC_a3010/fast"
/Applications/Xcode.app/Contents/Developer/usr/bin/make -f CMakeFiles/cmTC_a3010.dir/build.make CMakeFiles/cmTC_a3010.dir/build
Building CXX object CMakeFiles/cmTC_a3010.dir/feature_tests.cxx.o
/Applications/Xcode.app/Contents/Developer/Toolchains/XcodeDefault.xctoolchain/usr/bin/c++     -isysroot /Applications/Xcode.app/Contents/Developer/Platforms/MacOSX.platform/Developer/SDKs/MacOSX10.13.sdk -mmacosx-version-min=10.12   -std=c++14 -o CMakeFiles/cmTC_a3010.dir/feature_tests.cxx.o -c /Users/CCannon/Documents/development/ncat-comp285-repository/programAssignment2/cmake-build-debug/CMakeFiles/feature_tests.cxx
Linking CXX executable cmTC_a3010
/Applications/CLion.app/Contents/bin/cmake/bin/cmake -E cmake_link_script CMakeFiles/cmTC_a3010.dir/link.txt --verbose=1
/Applications/Xcode.app/Contents/Developer/Toolchains/XcodeDefault.xctoolchain/usr/bin/c++     -isysroot /Applications/Xcode.app/Contents/Developer/Platforms/MacOSX.platform/Developer/SDKs/MacOSX10.13.sdk -mmacosx-version-min=10.12 -Wl,-search_paths_first -Wl,-headerpad_max_install_names   CMakeFiles/cmTC_a3010.dir/feature_tests.cxx.o  -o cmTC_a3010 


    Feature record: CXX_FEATURE:1cxx_aggregate_default_initializers
    Feature record: CXX_FEATURE:1cxx_alias_templates
    Feature record: CXX_FEATURE:1cxx_alignas
    Feature record: CXX_FEATURE:1cxx_alignof
    Feature record: CXX_FEATURE:1cxx_attributes
    Feature record: CXX_FEATURE:1cxx_attribute_deprecated
    Feature record: CXX_FEATURE:1cxx_auto_type
    Feature record: CXX_FEATURE:1cxx_binary_literals
    Feature record: CXX_FEATURE:1cxx_constexpr
    Feature record: CXX_FEATURE:1cxx_contextual_conversions
    Feature record: CXX_FEATURE:1cxx_decltype
    Feature record: CXX_FEATURE:1cxx_decltype_auto
    Feature record: CXX_FEATURE:1cxx_decltype_incomplete_return_types
    Feature record: CXX_FEATURE:1cxx_default_function_template_args
    Feature record: CXX_FEATURE:1cxx_defaulted_functions
    Feature record: CXX_FEATURE:1cxx_defaulted_move_initializers
    Feature record: CXX_FEATURE:1cxx_delegating_constructors
    Feature record: CXX_FEATURE:1cxx_deleted_functions
    Feature record: CXX_FEATURE:1cxx_digit_separators
    Feature record: CXX_FEATURE:1cxx_enum_forward_declarations
    Feature record: CXX_FEATURE:1cxx_explicit_conversions
    Feature record: CXX_FEATURE:1cxx_extended_friend_declarations
    Feature record: CXX_FEATURE:1cxx_extern_templates
    Feature record: CXX_FEATURE:1cxx_final
    Feature record: CXX_FEATURE:1cxx_func_identifier
    Feature record: CXX_FEATURE:1cxx_generalized_initializers
    Feature record: CXX_FEATURE:1cxx_generic_lambdas
    Feature record: CXX_FEATURE:1cxx_inheriting_constructors
    Feature record: CXX_FEATURE:1cxx_inline_namespaces
    Feature record: CXX_FEATURE:1cxx_lambdas
    Feature record: CXX_FEATURE:1cxx_lambda_init_captures
    Feature record: CXX_FEATURE:1cxx_local_type_template_args
    Feature record: CXX_FEATURE:1cxx_long_long_type
    Feature record: CXX_FEATURE:1cxx_noexcept
    Feature record: CXX_FEATURE:1cxx_nonstatic_member_init
    Feature record: CXX_FEATURE:1cxx_nullptr
    Feature record: CXX_FEATURE:1cxx_override
    Feature record: CXX_FEATURE:1cxx_range_for
    Feature record: CXX_FEATURE:1cxx_raw_string_literals
    Feature record: CXX_FEATURE:1cxx_reference_qualified_functions
    Feature record: CXX_FEATURE:1cxx_relaxed_constexpr
    Feature record: CXX_FEATURE:1cxx_return_type_deduction
    Feature record: CXX_FEATURE:1cxx_right_angle_brackets
    Feature record: CXX_FEATURE:1cxx_rvalue_references
    Feature record: CXX_FEATURE:1cxx_sizeof_member
    Feature record: CXX_FEATURE:1cxx_static_assert
    Feature record: CXX_FEATURE:1cxx_strong_enums
    Feature record: CXX_FEATURE:1cxx_template_template_parameters
    Feature record: CXX_FEATURE:1cxx_thread_local
    Feature record: CXX_FEATURE:1cxx_trailing_return_types
    Feature record: CXX_FEATURE:1cxx_unicode_literals
    Feature record: CXX_FEATURE:1cxx_uniform_initialization
    Feature record: CXX_FEATURE:1cxx_unrestricted_unions
    Feature record: CXX_FEATURE:1cxx_user_literals
    Feature record: CXX_FEATURE:1cxx_variable_templates
    Feature record: CXX_FEATURE:1cxx_variadic_macros
    Feature record: CXX_FEATURE:1cxx_variadic_templates


Detecting CXX [-std=c++11] compiler features compiled with the following output:
Change Dir: /Users/CCannon/Documents/development/ncat-comp285-repository/programAssignment2/cmake-build-debug/CMakeFiles/CMakeTmp

Run Build Command:"/usr/bin/make" "cmTC_743d8/fast"
/Applications/Xcode.app/Contents/Developer/usr/bin/make -f CMakeFiles/cmTC_743d8.dir/build.make CMakeFiles/cmTC_743d8.dir/build
Building CXX object CMakeFiles/cmTC_743d8.dir/feature_tests.cxx.o
/Applications/Xcode.app/Contents/Developer/Toolchains/XcodeDefault.xctoolchain/usr/bin/c++     -isysroot /Applications/Xcode.app/Contents/Developer/Platforms/MacOSX.platform/Developer/SDKs/MacOSX10.13.sdk -mmacosx-version-min=10.12   -std=c++11 -o CMakeFiles/cmTC_743d8.dir/feature_tests.cxx.o -c /Users/CCannon/Documents/development/ncat-comp285-repository/programAssignment2/cmake-build-debug/CMakeFiles/feature_tests.cxx
Linking CXX executable cmTC_743d8
/Applications/CLion.app/Contents/bin/cmake/bin/cmake -E cmake_link_script CMakeFiles/cmTC_743d8.dir/link.txt --verbose=1
/Applications/Xcode.app/Contents/Developer/Toolchains/XcodeDefault.xctoolchain/usr/bin/c++     -isysroot /Applications/Xcode.app/Contents/Developer/Platforms/MacOSX.platform/Developer/SDKs/MacOSX10.13.sdk -mmacosx-version-min=10.12 -Wl,-search_paths_first -Wl,-headerpad_max_install_names   CMakeFiles/cmTC_743d8.dir/feature_tests.cxx.o  -o cmTC_743d8 


    Feature record: CXX_FEATURE:0cxx_aggregate_default_initializers
    Feature record: CXX_FEATURE:1cxx_alias_templates
    Feature record: CXX_FEATURE:1cxx_alignas
    Feature record: CXX_FEATURE:1cxx_alignof
    Feature record: CXX_FEATURE:1cxx_attributes
    Feature record: CXX_FEATURE:0cxx_attribute_deprecated
    Feature record: CXX_FEATURE:1cxx_auto_type
    Feature record: CXX_FEATURE:0cxx_binary_literals
    Feature record: CXX_FEATURE:1cxx_constexpr
    Feature record: CXX_FEATURE:0cxx_contextual_conversions
    Feature record: CXX_FEATURE:1cxx_decltype
    Feature record: CXX_FEATURE:0cxx_decltype_auto
    Feature record: CXX_FEATURE:1cxx_decltype_incomplete_return_types
    Feature record: CXX_FEATURE:1cxx_default_function_template_args
    Feature record: CXX_FEATURE:1cxx_defaulted_functions
    Feature record: CXX_FEATURE:1cxx_defaulted_move_initializers
    Feature record: CXX_FEATURE:1cxx_delegating_constructors
    Feature record: CXX_FEATURE:1cxx_deleted_functions
    Feature record: CXX_FEATURE:0cxx_digit_separators
    Feature record: CXX_FEATURE:1cxx_enum_forward_declarations
    Feature record: CXX_FEATURE:1cxx_explicit_conversions
    Feature record: CXX_FEATURE:1cxx_extended_friend_declarations
    Feature record: CXX_FEATURE:1cxx_extern_templates
    Feature record: CXX_FEATURE:1cxx_final
    Feature record: CXX_FEATURE:1cxx_func_identifier
    Feature record: CXX_FEATURE:1cxx_generalized_initializers
    Feature record: CXX_FEATURE:0cxx_generic_lambdas
    Feature record: CXX_FEATURE:1cxx_inheriting_constructors
    Feature record: CXX_FEATURE:1cxx_inline_namespaces
    Feature record: CXX_FEATURE:1cxx_lambdas
    Feature record: CXX_FEATURE:0cxx_lambda_init_captures
    Feature record: CXX_FEATURE:1cxx_local_type_template_args
    Feature record: CXX_FEATURE:1cxx_long_long_type
    Feature record: CXX_FEATURE:1cxx_noexcept
    Feature record: CXX_FEATURE:1cxx_nonstatic_member_init
    Feature record: CXX_FEATURE:1cxx_nullptr
    Feature record: CXX_FEATURE:1cxx_override
    Feature record: CXX_FEATURE:1cxx_range_for
    Feature record: CXX_FEATURE:1cxx_raw_string_literals
    Feature record: CXX_FEATURE:1cxx_reference_qualified_functions
    Feature record: CXX_FEATURE:0cxx_relaxed_constexpr
    Feature record: CXX_FEATURE:0cxx_return_type_deduction
    Feature record: CXX_FEATURE:1cxx_right_angle_brackets
    Feature record: CXX_FEATURE:1cxx_rvalue_references
    Feature record: CXX_FEATURE:1cxx_sizeof_member
    Feature record: CXX_FEATURE:1cxx_static_assert
    Feature record: CXX_FEATURE:1cxx_strong_enums
    Feature record: CXX_FEATURE:1cxx_template_template_parameters
    Feature record: CXX_FEATURE:1cxx_thread_local
    Feature record: CXX_FEATURE:1cxx_trailing_return_types
    Feature record: CXX_FEATURE:1cxx_unicode_literals
    Feature record: CXX_FEATURE:1cxx_uniform_initialization
    Feature record: CXX_FEATURE:1cxx_unrestricted_unions
    Feature record: CXX_FEATURE:1cxx_user_literals
    Feature record: CXX_FEATURE:0cxx_variable_templates
    Feature record: CXX_FEATURE:1cxx_variadic_macros
    Feature record: CXX_FEATURE:1cxx_variadic_templates


Detecting CXX [-std=c++98] compiler features compiled with the following output:
Change Dir: /Users/CCannon/Documents/development/ncat-comp285-repository/programAssignment2/cmake-build-debug/CMakeFiles/CMakeTmp

Run Build Command:"/usr/bin/make" "cmTC_01e64/fast"
/Applications/Xcode.app/Contents/Developer/usr/bin/make -f CMakeFiles/cmTC_01e64.dir/build.make CMakeFiles/cmTC_01e64.dir/build
Building CXX object CMakeFiles/cmTC_01e64.dir/feature_tests.cxx.o
/Applications/Xcode.app/Contents/Developer/Toolchains/XcodeDefault.xctoolchain/usr/bin/c++     -isysroot /Applications/Xcode.app/Contents/Developer/Platforms/MacOSX.platform/Developer/SDKs/MacOSX10.13.sdk -mmacosx-version-min=10.12   -std=c++98 -o CMakeFiles/cmTC_01e64.dir/feature_tests.cxx.o -c /Users/CCannon/Documents/development/ncat-comp285-repository/programAssignment2/cmake-build-debug/CMakeFiles/feature_tests.cxx
Linking CXX executable cmTC_01e64
/Applications/CLion.app/Contents/bin/cmake/bin/cmake -E cmake_link_script CMakeFiles/cmTC_01e64.dir/link.txt --verbose=1
/Applications/Xcode.app/Contents/Developer/Toolchains/XcodeDefault.xctoolchain/usr/bin/c++     -isysroot /Applications/Xcode.app/Contents/Developer/Platforms/MacOSX.platform/Developer/SDKs/MacOSX10.13.sdk -mmacosx-version-min=10.12 -Wl,-search_paths_first -Wl,-headerpad_max_install_names   CMakeFiles/cmTC_01e64.dir/feature_tests.cxx.o  -o cmTC_01e64 


    Feature record: CXX_FEATURE:0cxx_aggregate_default_initializers
    Feature record: CXX_FEATURE:0cxx_alias_templates
    Feature record: CXX_FEATURE:0cxx_alignas
    Feature record: CXX_FEATURE:0cxx_alignof
    Feature record: CXX_FEATURE:0cxx_attributes
    Feature record: CXX_FEATURE:0cxx_attribute_deprecated
    Feature record: CXX_FEATURE:0cxx_auto_type
    Feature record: CXX_FEATURE:0cxx_binary_literals
    Feature record: CXX_FEATURE:0cxx_constexpr
    Feature record: CXX_FEATURE:0cxx_contextual_conversions
    Feature record: CXX_FEATURE:0cxx_decltype
    Feature record: CXX_FEATURE:0cxx_decltype_auto
    Feature record: CXX_FEATURE:0cxx_decltype_incomplete_return_types
    Feature record: CXX_FEATURE:0cxx_default_function_template_args
    Feature record: CXX_FEATURE:0cxx_defaulted_functions
    Feature record: CXX_FEATURE:0cxx_defaulted_move_initializers
    Feature record: CXX_FEATURE:0cxx_delegating_constructors
    Feature record: CXX_FEATURE:0cxx_deleted_functions
    Feature record: CXX_FEATURE:0cxx_digit_separators
    Feature record: CXX_FEATURE:0cxx_enum_forward_declarations
    Feature record: CXX_FEATURE:0cxx_explicit_conversions
    Feature record: CXX_FEATURE:0cxx_extended_friend_declarations
    Feature record: CXX_FEATURE:0cxx_extern_templates
    Feature record: CXX_FEATURE:0cxx_final
    Feature record: CXX_FEATURE:0cxx_func_identifier
    Feature record: CXX_FEATURE:0cxx_generalized_initializers
    Feature record: CXX_FEATURE:0cxx_generic_lambdas
    Feature record: CXX_FEATURE:0cxx_inheriting_constructors
    Feature record: CXX_FEATURE:0cxx_inline_namespaces
    Feature record: CXX_FEATURE:0cxx_lambdas
    Feature record: CXX_FEATURE:0cxx_lambda_init_captures
    Feature record: CXX_FEATURE:0cxx_local_type_template_args
    Feature record: CXX_FEATURE:0cxx_long_long_type
    Feature record: CXX_FEATURE:0cxx_noexcept
    Feature record: CXX_FEATURE:0cxx_nonstatic_member_init
    Feature record: CXX_FEATURE:0cxx_nullptr
    Feature record: CXX_FEATURE:0cxx_override
    Feature record: CXX_FEATURE:0cxx_range_for
    Feature record: CXX_FEATURE:0cxx_raw_string_literals
    Feature record: CXX_FEATURE:0cxx_reference_qualified_functions
    Feature record: CXX_FEATURE:0cxx_relaxed_constexpr
    Feature record: CXX_FEATURE:0cxx_return_type_deduction
    Feature record: CXX_FEATURE:0cxx_right_angle_brackets
    Feature record: CXX_FEATURE:0cxx_rvalue_references
    Feature record: CXX_FEATURE:0cxx_sizeof_member
    Feature record: CXX_FEATURE:0cxx_static_assert
    Feature record: CXX_FEATURE:0cxx_strong_enums
    Feature record: CXX_FEATURE:1cxx_template_template_parameters
    Feature record: CXX_FEATURE:0cxx_thread_local
    Feature record: CXX_FEATURE:0cxx_trailing_return_types
    Feature record: CXX_FEATURE:0cxx_unicode_literals
    Feature record: CXX_FEATURE:0cxx_uniform_initialization
    Feature record: CXX_FEATURE:0cxx_unrestricted_unions
    Feature record: CXX_FEATURE:0cxx_user_literals
    Feature record: CXX_FEATURE:0cxx_variable_templates
    Feature record: CXX_FEATURE:0cxx_variadic_macros
    Feature record: CXX_FEATURE:0cxx_variadic_templates
